<?xml version="1.0" encoding="utf-8"?>
<testsuite errors="0" failures="2" hostname="localhost" name="com.example.android.testing.notes.mock.test" skipped="0" tests="7" time="86.151" timestamp="2017-12-01-02-38-48">
	<testcase classname="com.example.android.testing.notes.addnote.AddNoteScreenTest" model_name="HTC_M8x" name="addImageToNote_ShowsThumbnailInUi" serial_number="FA46AWM00962" time="2.171"/>
	<testcase classname="com.example.android.testing.notes.addnote.AddNoteScreenTest" model_name="HTC_M8x" name="errorShownOnEmptyMessage" serial_number="FA46AWM00962" time="7.858"/>
	<testcase classname="com.example.android.testing.notes.notedetail.NoteDetailScreenTest" model_name="HTC_M8x" name="noteDetails_DisplayedInUi" serial_number="FA46AWM00962" time="0.8"/>
	<testcase classname="com.example.android.testing.notes.notes.AppNavigationTest" model_name="HTC_M8x" name="clickOnAndroidHomeIcon_OpensNavigation" serial_number="FA46AWM00962" time="1.498"/>
	<testcase classname="com.example.android.testing.notes.notes.AppNavigationTest" model_name="HTC_M8x" name="clickOnStatisticsNavigationItem_ShowsStatisticsScreen" serial_number="FA46AWM00962" time="1.422"/>
	<testcase classname="com.example.android.testing.notes.notes.NotesScreenTest" model_name="HTC_M8x" name="addNoteToNotesList" serial_number="FA46AWM00962" time="39.076">
		<failure> android.support.test.espresso.NoActivityResumedException: No activities in stage RESUMED. Did you forget to launch the activity. (test.getActivity() or similar)?
 at dalvik.system.VMStack.getThreadStackTrace(Native Method)
 at java.lang.Thread.getStackTrace(Thread.java:580)
 at android.support.test.espresso.base.DefaultFailureHandler.getUserFriendlyError(DefaultFailureHandler.java:92)
 at android.support.test.espresso.base.DefaultFailureHandler.handle(DefaultFailureHandler.java:56)
 at android.support.test.espresso.ViewInteraction.runSynchronouslyOnUiThread(ViewInteraction.java:184)
 at android.support.test.espresso.ViewInteraction.doPerform(ViewInteraction.java:115)
 at android.support.test.espresso.ViewInteraction.perform(ViewInteraction.java:87)
 at com.example.android.testing.notes.notes.NotesScreenTest.addNoteToNotesList(NotesScreenTest.java:124)
 at java.lang.reflect.Method.invoke(Native Method)
 at org.junit.runners.model.FrameworkMethod$1.runReflectiveCall(FrameworkMethod.java:50)
 at org.junit.internal.runners.model.ReflectiveCallable.run(ReflectiveCallable.java:12)
 at org.junit.runners.model.FrameworkMethod.invokeExplosively(FrameworkMethod.java:47)
 at org.junit.internal.runners.statements.InvokeMethod.evaluate(InvokeMethod.java:17)
 at android.support.test.internal.statement.UiThreadStatement.evaluate(UiThreadStatement.java:55)
 at android.support.test.rule.ActivityTestRule$ActivityStatement.evaluate(ActivityTestRule.java:270)
 at org.junit.rules.RunRules.evaluate(RunRules.java:20)
 at org.junit.runners.ParentRunner.runLeaf(ParentRunner.java:325)
 at org.junit.runners.BlockJUnit4ClassRunner.runChild(BlockJUnit4ClassRunner.java:78)
 at org.junit.runners.BlockJUnit4ClassRunner.runChild(BlockJUnit4ClassRunner.java:57)
 at org.junit.runners.ParentRunner$3.run(ParentRunner.java:290)
 at org.junit.runners.ParentRunner$1.schedule(ParentRunner.java:71)
 at org.junit.runners.ParentRunner.runChildren(ParentRunner.java:288)
 at org.junit.runners.ParentRunner.access$000(ParentRunner.java:58)
 at org.junit.runners.ParentRunner$2.evaluate(ParentRunner.java:268)
 at org.junit.runners.ParentRunner.run(ParentRunner.java:363)
 at org.junit.runners.Suite.runChild(Suite.java:128)
 at org.junit.runners.Suite.runChild(Suite.java:27)
 at org.junit.runners.ParentRunner$3.run(ParentRunner.java:290)
 at org.junit.runners.ParentRunner$1.schedule(ParentRunner.java:71)
 at org.junit.runners.ParentRunner.runChildren(ParentRunner.java:288)
 at org.junit.runners.ParentRunner.access$000(ParentRunner.java:58)
 at org.junit.runners.ParentRunner$2.evaluate(ParentRunner.java:268)
 at org.junit.runners.ParentRunner.run(ParentRunner.java:363)
 at org.junit.runner.JUnitCore.run(JUnitCore.java:137)
 at org.junit.runner.JUnitCore.run(JUnitCore.java:115)
 at android.support.test.internal.runner.TestExecutor.execute(TestExecutor.java:59)
 at android.support.test.runner.AndroidJUnitRunner.onStart(AndroidJUnitRunner.java:262)
 at android.app.Instrumentation$InstrumentationThread.run(Instrumentation.java:1996)
 
</failure>
	</testcase>
	<testcase classname="com.example.android.testing.notes.notes.NotesScreenTest" model_name="HTC_M8x" name="clickAddNoteButton_opensAddNoteUi" serial_number="FA46AWM00962" time="33.326">
		<failure> android.support.test.espresso.NoActivityResumedException: No activities in stage RESUMED. Did you forget to launch the activity. (test.getActivity() or similar)?
 at dalvik.system.VMStack.getThreadStackTrace(Native Method)
 at java.lang.Thread.getStackTrace(Thread.java:580)
 at android.support.test.espresso.base.DefaultFailureHandler.getUserFriendlyError(DefaultFailureHandler.java:92)
 at android.support.test.espresso.base.DefaultFailureHandler.handle(DefaultFailureHandler.java:56)
 at android.support.test.espresso.ViewInteraction.runSynchronouslyOnUiThread(ViewInteraction.java:184)
 at android.support.test.espresso.ViewInteraction.doPerform(ViewInteraction.java:115)
 at android.support.test.espresso.ViewInteraction.perform(ViewInteraction.java:87)
 at com.example.android.testing.notes.notes.NotesScreenTest.clickAddNoteButton_opensAddNoteUi(NotesScreenTest.java:100)
 at java.lang.reflect.Method.invoke(Native Method)
 at org.junit.runners.model.FrameworkMethod$1.runReflectiveCall(FrameworkMethod.java:50)
 at org.junit.internal.runners.model.ReflectiveCallable.run(ReflectiveCallable.java:12)
 at org.junit.runners.model.FrameworkMethod.invokeExplosively(FrameworkMethod.java:47)
 at org.junit.internal.runners.statements.InvokeMethod.evaluate(InvokeMethod.java:17)
 at android.support.test.internal.statement.UiThreadStatement.evaluate(UiThreadStatement.java:55)
 at android.support.test.rule.ActivityTestRule$ActivityStatement.evaluate(ActivityTestRule.java:270)
 at org.junit.rules.RunRules.evaluate(RunRules.java:20)
 at org.junit.runners.ParentRunner.runLeaf(ParentRunner.java:325)
 at org.junit.runners.BlockJUnit4ClassRunner.runChild(BlockJUnit4ClassRunner.java:78)
 at org.junit.runners.BlockJUnit4ClassRunner.runChild(BlockJUnit4ClassRunner.java:57)
 at org.junit.runners.ParentRunner$3.run(ParentRunner.java:290)
 at org.junit.runners.ParentRunner$1.schedule(ParentRunner.java:71)
 at org.junit.runners.ParentRunner.runChildren(ParentRunner.java:288)
 at org.junit.runners.ParentRunner.access$000(ParentRunner.java:58)
 at org.junit.runners.ParentRunner$2.evaluate(ParentRunner.java:268)
 at org.junit.runners.ParentRunner.run(ParentRunner.java:363)
 at org.junit.runners.Suite.runChild(Suite.java:128)
 at org.junit.runners.Suite.runChild(Suite.java:27)
 at org.junit.runners.ParentRunner$3.run(ParentRunner.java:290)
 at org.junit.runners.ParentRunner$1.schedule(ParentRunner.java:71)
 at org.junit.runners.ParentRunner.runChildren(ParentRunner.java:288)
 at org.junit.runners.ParentRunner.access$000(ParentRunner.java:58)
 at org.junit.runners.ParentRunner$2.evaluate(ParentRunner.java:268)
 at org.junit.runners.ParentRunner.run(ParentRunner.java:363)
 at org.junit.runner.JUnitCore.run(JUnitCore.java:137)
 at org.junit.runner.JUnitCore.run(JUnitCore.java:115)
 at android.support.test.internal.runner.TestExecutor.execute(TestExecutor.java:59)
 at android.support.test.runner.AndroidJUnitRunner.onStart(AndroidJUnitRunner.java:262)
 at android.app.Instrumentation$InstrumentationThread.run(Instrumentation.java:1996)
 
</failure>
	</testcase>
</testsuite>
