<testsuite errors="0" failures="0" hostname="localhost" name="com.example.android.testing.notes.mock.test" skipped="0" tests="7" time="18.591" timestamp="2017-11-03-01-34-51">
	<testcase classname="com.example.android.testing.notes.addnote.AddNoteScreenTest" model_name="F1f" name="addImageToNote_ShowsThumbnailInUi" serial_number="49b8f2da" time="1.196" />
<testcase classname="com.example.android.testing.notes.addnote.AddNoteScreenTest" model_name="F1f" name="errorShownOnEmptyMessage" serial_number="49b8f2da" time="7.532" /><testcase classname="com.example.android.testing.notes.notedetail.NoteDetailScreenTest" model_name="F1f" name="noteDetails_DisplayedInUi" serial_number="49b8f2da" time="0.31" /><testcase classname="com.example.android.testing.notes.notes.NotesScreenTest" model_name="F1f" name="addNoteToNotesList" serial_number="49b8f2da" time="6.464" /><testcase classname="com.example.android.testing.notes.notes.NotesScreenTest" model_name="F1f" name="clickAddNoteButton_opensAddNoteUi" serial_number="49b8f2da" time="0.947" /><testcase classname="com.example.android.testing.notes.notes.AppNavigationTest" model_name="F1f" name="clickOnAndroidHomeIcon_OpensNavigation" serial_number="49b8f2da" time="1.106" /><testcase classname="com.example.android.testing.notes.notes.AppNavigationTest" model_name="F1f" name="clickOnStatisticsNavigationItem_ShowsStatisticsScreen" serial_number="49b8f2da" time="1.036" /></testsuite>