INSTRUMENTATION_STATUS: numtests=1 INSTRUMENTATION_STATUS: stream= com.example.android.testing.notes.notes.NotesScreenTest: INSTRUMENTATION_STATUS: id=AndroidJUnitRunner INSTRUMENTATION_STATUS: test=addNoteToNotesList INSTRUMENTATION_STATUS: class=com.example.android.testing.notes.notes.NotesScreenTest INSTRUMENTATION_STATUS: current=1 INSTRUMENTATION_STATUS_CODE: 1 INSTRUMENTATION_STATUS: numtests=1 INSTRUMENTATION_STATUS: stream= Error in addNoteToNotesList(com.example.android.testing.notes.notes.NotesScreenTest): android.support.test.espresso.NoActivityResumedException: No activities in stage RESUMED. Did you forget to launch the activity. (test.getActivity() or similar)? at dalvik.system.VMStack.getThreadStackTrace(Native Method) at java.lang.Thread.getStackTrace(Thread.java:580) at android.support.test.espresso.base.DefaultFailureHandler.getUserFriendlyError(DefaultFailureHandler.java:92) at android.support.test.espresso.base.DefaultFailureHandler.handle(DefaultFailureHandler.java:56) at android.support.test.espresso.ViewInteraction.runSynchronouslyOnUiThread(ViewInteraction.java:184) at android.support.test.espresso.ViewInteraction.doPerform(ViewInteraction.java:115) at android.support.test.espresso.ViewInteraction.perform(ViewInteraction.java:87) at com.example.android.testing.notes.notes.NotesScreenTest.addNoteToNotesList(NotesScreenTest.java:124) at java.lang.reflect.Method.invoke(Native Method) at org.junit.runners.model.FrameworkMethod$1.runReflectiveCall(FrameworkMethod.java:50) at org.junit.internal.runners.model.ReflectiveCallable.run(ReflectiveCallable.java:12) at org.junit.runners.model.FrameworkMethod.invokeExplosively(FrameworkMethod.java:47) at org.junit.internal.runners.statements.InvokeMethod.evaluate(InvokeMethod.java:17) at android.support.test.internal.statement.UiThreadStatement.evaluate(UiThreadStatement.java:55) at android.support.test.rule.ActivityTestRule$ActivityStatement.evaluate(ActivityTestRule.java:270) at org.junit.rules.RunRules.evaluate(RunRules.java:20) at org.junit.runners.ParentRunner.runLeaf(ParentRunner.java:325) at org.junit.runners.BlockJUnit4ClassRunner.runChild(BlockJUnit4ClassRunner.java:78) at org.junit.runners.BlockJUnit4ClassRunner.runChild(BlockJUnit4ClassRunner.java:57) at org.junit.runners.ParentRunner$3.run(ParentRunner.java:290) at org.junit.runners.ParentRunner$1.schedule(ParentRunner.java:71) at org.junit.runners.ParentRunner.runChildren(ParentRunner.java:288) at org.junit.runners.ParentRunner.access$000(ParentRunner.java:58) at org.junit.runners.ParentRunner$2.evaluate(ParentRunner.java:268) at org.junit.runners.ParentRunner.run(ParentRunner.java:363) at org.junit.runners.Suite.runChild(Suite.java:128) at org.junit.runners.Suite.runChild(Suite.java:27) at org.junit.runners.ParentRunner$3.run(ParentRunner.java:290) at org.junit.runners.ParentRunner$1.schedule(ParentRunner.java:71) at org.junit.runners.ParentRunner.runChildren(ParentRunner.java:288) at org.junit.runners.ParentRunner.access$000(ParentRunner.java:58) at org.junit.runners.ParentRunner$2.evaluate(ParentRunner.java:268) at org.junit.runners.ParentRunner.run(ParentRunner.java:363) at org.junit.runner.JUnitCore.run(JUnitCore.java:137) at org.junit.runner.JUnitCore.run(JUnitCore.java:115) at android.support.test.internal.runner.TestExecutor.execute(TestExecutor.java:59) at android.support.test.runner.AndroidJUnitRunner.onStart(AndroidJUnitRunner.java:262) at android.app.Instrumentation$InstrumentationThread.run(Instrumentation.java:1996)  INSTRUMENTATION_STATUS: id=AndroidJUnitRunner INSTRUMENTATION_STATUS: test=addNoteToNotesList INSTRUMENTATION_STATUS: class=com.example.android.testing.notes.notes.NotesScreenTest INSTRUMENTATION_STATUS: stack=android.support.test.espresso.NoActivityResumedException: No activities in stage RESUMED. Did you forget to launch the activity. (test.getActivity() or similar)? at dalvik.system.VMStack.getThreadStackTrace(Native Method) at java.lang.Thread.getStackTrace(Thread.java:580) at android.support.test.espresso.base.DefaultFailureHandler.getUserFriendlyError(DefaultFailureHandler.java:92) at android.support.test.espresso.base.DefaultFailureHandler.handle(DefaultFailureHandler.java:56) at android.support.test.espresso.ViewInteraction.runSynchronouslyOnUiThread(ViewInteraction.java:184) at android.support.test.espresso.ViewInteraction.doPerform(ViewInteraction.java:115) at android.support.test.espresso.ViewInteraction.perform(ViewInteraction.java:87) at com.example.android.testing.notes.notes.NotesScreenTest.addNoteToNotesList(NotesScreenTest.java:124) at java.lang.reflect.Method.invoke(Native Method) at org.junit.runners.model.FrameworkMethod$1.runReflectiveCall(FrameworkMethod.java:50) at org.junit.internal.runners.model.ReflectiveCallable.run(ReflectiveCallable.java:12) at org.junit.runners.model.FrameworkMethod.invokeExplosively(FrameworkMethod.java:47) at org.junit.internal.runners.statements.InvokeMethod.evaluate(InvokeMethod.java:17) at android.support.test.internal.statement.UiThreadStatement.evaluate(UiThreadStatement.java:55) at android.support.test.rule.ActivityTestRule$ActivityStatement.evaluate(ActivityTestRule.java:270) at org.junit.rules.RunRules.evaluate(RunRules.java:20) at org.junit.runners.ParentRunner.runLeaf(ParentRunner.java:325) at org.junit.runners.BlockJUnit4ClassRunner.runChild(BlockJUnit4ClassRunner.java:78) at org.junit.runners.BlockJUnit4ClassRunner.runChild(BlockJUnit4ClassRunner.java:57) at org.junit.runners.ParentRunner$3.run(ParentRunner.java:290) at org.junit.runners.ParentRunner$1.schedule(ParentRunner.java:71) at org.junit.runners.ParentRunner.runChildren(ParentRunner.java:288) at org.junit.runners.ParentRunner.access$000(ParentRunner.java:58) at org.junit.runners.ParentRunner$2.evaluate(ParentRunner.java:268) at org.junit.runners.ParentRunner.run(ParentRunner.java:363) at org.junit.runners.Suite.runChild(Suite.java:128) at org.junit.runners.Suite.runChild(Suite.java:27) at org.junit.runners.ParentRunner$3.run(ParentRunner.java:290) at org.junit.runners.ParentRunner$1.schedule(ParentRunner.java:71) at org.junit.runners.ParentRunner.runChildren(ParentRunner.java:288) at org.junit.runners.ParentRunner.access$000(ParentRunner.java:58) at org.junit.runners.ParentRunner$2.evaluate(ParentRunner.java:268) at org.junit.runners.ParentRunner.run(ParentRunner.java:363) at org.junit.runner.JUnitCore.run(JUnitCore.java:137) at org.junit.runner.JUnitCore.run(JUnitCore.java:115) at android.support.test.internal.runner.TestExecutor.execute(TestExecutor.java:59) at android.support.test.runner.AndroidJUnitRunner.onStart(AndroidJUnitRunner.java:262) at android.app.Instrumentation$InstrumentationThread.run(Instrumentation.java:1996)  INSTRUMENTATION_STATUS: current=1 INSTRUMENTATION_STATUS_CODE: -2 INSTRUMENTATION_RESULT: stream=  Time: 39.076 There was 1 failure: 1) addNoteToNotesList(com.example.android.testing.notes.notes.NotesScreenTest) android.support.test.espresso.NoActivityResumedException: No activities in stage RESUMED. Did you forget to launch the activity. (test.getActivity() or similar)? at dalvik.system.VMStack.getThreadStackTrace(Native Method) at java.lang.Thread.getStackTrace(Thread.java:580) at android.support.test.espresso.base.DefaultFailureHandler.getUserFriendlyError(DefaultFailureHandler.java:92) at android.support.test.espresso.base.DefaultFailureHandler.handle(DefaultFailureHandler.java:56) at android.support.test.espresso.ViewInteraction.runSynchronouslyOnUiThread(ViewInteraction.java:184) at android.support.test.espresso.ViewInteraction.doPerform(ViewInteraction.java:115) at android.support.test.espresso.ViewInteraction.perform(ViewInteraction.java:87) at com.example.android.testing.notes.notes.NotesScreenTest.addNoteToNotesList(NotesScreenTest.java:124) at java.lang.reflect.Method.invoke(Native Method) at org.junit.runners.model.FrameworkMethod$1.runReflectiveCall(FrameworkMethod.java:50) at org.junit.internal.runners.model.ReflectiveCallable.run(ReflectiveCallable.java:12) at org.junit.runners.model.FrameworkMethod.invokeExplosively(FrameworkMethod.java:47) at org.junit.internal.runners.statements.InvokeMethod.evaluate(InvokeMethod.java:17) at android.support.test.internal.statement.UiThreadStatement.evaluate(UiThreadStatement.java:55) at android.support.test.rule.ActivityTestRule$ActivityStatement.evaluate(ActivityTestRule.java:270) at org.junit.rules.RunRules.evaluate(RunRules.java:20) at org.junit.runners.ParentRunner.runLeaf(ParentRunner.java:325) at org.junit.runners.BlockJUnit4ClassRunner.runChild(BlockJUnit4ClassRunner.java:78) at org.junit.runners.BlockJUnit4ClassRunner.runChild(BlockJUnit4ClassRunner.java:57) at org.junit.runners.ParentRunner$3.run(ParentRunner.java:290) at org.junit.runners.ParentRunner$1.schedule(ParentRunner.java:71) at org.junit.runners.ParentRunner.runChildren(ParentRunner.java:288) at org.junit.runners.ParentRunner.access$000(ParentRunner.java:58) at org.junit.runners.ParentRunner$2.evaluate(ParentRunner.java:268) at org.junit.runners.ParentRunner.run(ParentRunner.java:363) at org.junit.runners.Suite.runChild(Suite.java:128) at org.junit.runners.Suite.runChild(Suite.java:27) at org.junit.runners.ParentRunner$3.run(ParentRunner.java:290) at org.junit.runners.ParentRunner$1.schedule(ParentRunner.java:71) at org.junit.runners.ParentRunner.runChildren(ParentRunner.java:288) at org.junit.runners.ParentRunner.access$000(ParentRunner.java:58) at org.junit.runners.ParentRunner$2.evaluate(ParentRunner.java:268) at org.junit.runners.ParentRunner.run(ParentRunner.java:363) at org.junit.runner.JUnitCore.run(JUnitCore.java:137) at org.junit.runner.JUnitCore.run(JUnitCore.java:115) at android.support.test.internal.runner.TestExecutor.execute(TestExecutor.java:59) at android.support.test.runner.AndroidJUnitRunner.onStart(AndroidJUnitRunner.java:262) at android.app.Instrumentation$InstrumentationThread.run(Instrumentation.java:1996)  FAILURES!!! Tests run: 1, Failures: 1   INSTRUMENTATION_CODE: -1
