<testsuite errors="0" failures="1" hostname="localhost" name="com.example.android.testing.notes.mock.test" skipped="0" tests="7" time="18.697" timestamp="2017-11-05-21-50-02">
	<testcase classname="com.example.android.testing.notes.notedetail.NoteDetailScreenTest" model_name="F1f" name="noteDetails_DisplayedInUi" serial_number="49b8f2da" time="0.337" />
<testcase classname="com.example.android.testing.notes.addnote.AddNoteScreenTest" model_name="HTC_M8x" name="addImageToNote_ShowsThumbnailInUi" serial_number="FA46AWM00962" time="0.803"><failure failure=" android.support.test.espresso.NoMatchingViewException: No views in hierarchy found matching: with string from resource id: &lt;2131165236&gt;[take_picture] value: Add picture&#10; &#10; View Hierarchy:&#10; +&gt;DecorView{id=-1, visibility=VISIBLE, width=1080, height=1920, has-focus=true, has-focusable=true, has-window-focus=true, is-clickable=false, is-enabled=true, is-focused=false, is-focusable=false, is-layout-requested=false, is-selected=false, root-is-layout-requested=false, has-input-connection=false, x=0.0, y=0.0, child-count=3} &#10; |&#10; +-&gt;LinearLayout{id=-1, visibility=VISIBLE, width=1080, height=1776, has-focus=true, has-focusable=true, has-window-focus=true, is-clickable=false, is-enabled=true, is-focused=false, is-focusable=false, is-layout-requested=false, is-selected=false, root-is-layout-requested=false, has-input-connection=false, x=0.0, y=0.0, child-count=2} &#10; |&#10; +--&gt;ViewStub{id=16909225, res-name=action_mode_bar_stub, visibility=GONE, width=0, height=0, has-focus=false, has-focusable=false, has-window-focus=true, is-clickable=false, is-enabled=true, is-focused=false, is-focusable=false, is-layout-requested=true, is-selected=false, root-is-layout-requested=false, has-input-connection=false, x=0.0, y=0.0} &#10; |&#10; +--&gt;FrameLayout{id=-1, visibility=VISIBLE, width=1080, height=1701, has-focus=true, has-focusable=true, has-window-focus=true, is-clickable=false, is-enabled=true, is-focused=false, is-focusable=false, is-layout-requested=false, is-selected=false, root-is-layout-requested=false, has-input-connection=false, x=0.0, y=75.0, child-count=1} &#10; |&#10; +---&gt;FitWindowsLinearLayout{id=2131558495, res-name=action_bar_root, visibility=VISIBLE, width=1080, height=1701, has-focus=true, has-focusable=true, has-window-focus=true, is-clickable=false, is-enabled=true, is-focused=false, is-focusable=false, is-layout-requested=false, is-selected=false, root-is-layout-requested=false, has-input-connection=false, x=0.0, y=0.0, child-count=2} &#10; |&#10; +----&gt;ViewStubCompat{id=2131558496, res-name=action_mode_bar_stub, visibility=GONE, width=0, height=0, has-focus=false, has-focusable=false, has-window-focus=true, is-clickable=false, is-enabled=true, is-focused=false, is-focusable=false, is-layout-requested=true, is-selected=false, root-is-layout-requested=false, has-input-connection=false, x=0.0, y=0.0} &#10; |&#10; +----&gt;ContentFrameLayout{id=16908290, res-name=content, visibility=VISIBLE, width=1080, height=1701, has-focus=true, has-focusable=true, has-window-focus=true, is-clickable=false, is-enabled=true, is-focused=false, is-focusable=false, is-layout-requested=false, is-selected=false, root-is-layout-requested=false, has-input-connection=false, x=0.0, y=0.0, child-count=1} &#10; |&#10; +-----&gt;DrawerLayout{id=2131558515, res-name=drawer_layout, visibility=VISIBLE, width=1080, height=1701, has-focus=true, has-focusable=true, has-window-focus=true, is-clickable=false, is-enabled=true, is-focused=false, is-focusable=true, is-layout-requested=false, is-selected=false, root-is-layout-requested=false, has-input-connection=false, x=0.0, y=0.0, child-count=1} &#10; |&#10; +------&gt;LinearLayout{id=-1, visibility=VISIBLE, width=1080, height=1701, has-focus=true, has-focusable=true, has-window-focus=true, is-clickable=false, is-enabled=true, is-focused=false, is-focusable=false, is-layout-requested=false, is-selected=false, root-is-layout-requested=false, has-input-connection=false, x=0.0, y=0.0, child-count=2} &#10; |&#10; +-------&gt;Toolbar{id=2131558516, res-name=toolbar, visibility=VISIBLE, width=1080, height=168, has-focus=true, has-focusable=true, has-window-focus=true, is-clickable=false, is-enabled=true, is-focused=false, is-focusable=false, is-layout-requested=false, is-selected=false, root-is-layout-requested=false, has-input-connection=false, x=0.0, y=0.0, child-count=3} &#10; |&#10; +--------&gt;AppCompatTextView{id=-1, visibility=VISIBLE, width=278, height=80, has-focus=false, has-focusable=false, has-window-focus=true, is-clickable=false, is-enabled=true, is-focused=false, is-focusable=false, is-layout-requested=false, is-selected=false, root-is-layout-requested=false, has-input-connection=false, x=216.0, y=44.0, text=New Note, input-type=0, ime-target=false, has-links=false} &#10; |&#10; +--------&gt;AppCompatImageButton{id=-1, desc=&#21521;&#19978;&#28687;&#35261;, visibility=VISIBLE, width=168, height=168, has-focus=true, has-focusable=true, has-window-focus=true, is-clickable=true, is-enabled=true, is-focused=true, is-focusable=true, is-layout-requested=false, is-selected=false, root-is-layout-requested=false, has-input-connection=false, x=0.0, y=0.0} &#10; |&#10; +--------&gt;ActionMenuView{id=-1, visibility=VISIBLE, width=120, height=168, has-focus=false, has-focusable=true, has-window-focus=true, is-clickable=false, is-enabled=true, is-focused=false, is-focusable=false, is-layout-requested=false, is-selected=false, root-is-layout-requested=false, has-input-connection=false, x=960.0, y=0.0, child-count=1} &#10; |&#10; +---------&gt;OverflowMenuButton{id=-1, desc=&#26356;&#22810;&#36984;&#38917;, visibility=VISIBLE, width=120, height=144, has-focus=false, has-focusable=true, has-window-focus=true, is-clickable=true, is-enabled=true, is-focused=false, is-focusable=true, is-layout-requested=false, is-selected=false, root-is-layout-requested=false, has-input-connection=false, x=0.0, y=12.0} &#10; |&#10; +-------&gt;CoordinatorLayout{id=2131558517, res-name=coordinatorLayout, visibility=VISIBLE, width=1080, height=1533, has-focus=false, has-focusable=true, has-window-focus=true, is-clickable=false, is-enabled=true, is-focused=false, is-focusable=false, is-layout-requested=false, is-selected=false, root-is-layout-requested=false, has-input-connection=false, x=0.0, y=168.0, child-count=2} &#10; |&#10; +--------&gt;FrameLayout{id=2131558518, res-name=contentFrame, visibility=VISIBLE, width=1080, height=1533, has-focus=false, has-focusable=true, has-window-focus=true, is-clickable=false, is-enabled=true, is-focused=false, is-focusable=false, is-layout-requested=false, is-selected=false, root-is-layout-requested=false, has-input-connection=false, x=0.0, y=0.0, child-count=1} &#10; |&#10; +---------&gt;ScrollView{id=-1, visibility=VISIBLE, width=1080, height=1533, has-focus=false, has-focusable=true, has-window-focus=true, is-clickable=false, is-enabled=true, is-focused=false, is-focusable=true, is-layout-requested=false, is-selected=false, root-is-layout-requested=false, has-input-connection=false, x=0.0, y=0.0, child-count=1} &#10; |&#10; +----------&gt;LinearLayout{id=-1, visibility=VISIBLE, width=1080, height=1481, has-focus=false, has-focusable=true, has-window-focus=true, is-clickable=false, is-enabled=true, is-focused=false, is-focusable=false, is-layout-requested=false, is-selected=false, root-is-layout-requested=false, has-input-connection=false, x=0.0, y=0.0, child-count=3} &#10; |&#10; +-----------&gt;AppCompatEditText{id=2131558535, res-name=add_note_title, visibility=VISIBLE, width=984, height=143, has-focus=false, has-focusable=true, has-window-focus=true, is-clickable=true, is-enabled=true, is-focused=false, is-focusable=true, is-layout-requested=false, is-selected=false, root-is-layout-requested=false, has-input-connection=true, editor-info=[inputType=0x20001 imeOptions=0x4c000005 privateImeOptions=null actionLabel=null actionId=0 initialSelStart=0 initialSelEnd=0 initialCapsMode=0x0 hintText=Title label=null packageName=null fieldId=0 fieldName=null extras=null ], x=48.0, y=48.0, text=, hint=Title, input-type=131073, ime-target=false, has-links=false} &#10; |&#10; +-----------&gt;AppCompatEditText{id=2131558536, res-name=add_note_description, visibility=VISIBLE, width=984, height=1050, has-focus=false, has-focusable=true, has-window-focus=true, is-clickable=true, is-enabled=true, is-focused=false, is-focusable=true, is-layout-requested=false, is-selected=false, root-is-layout-requested=false, has-input-connection=true, editor-info=[inputType=0x20001 imeOptions=0x4c000005 privateImeOptions=null actionLabel=null actionId=0 initialSelStart=0 initialSelEnd=0 initialCapsMode=0x0 hintText=Enter your note here. label=null packageName=null fieldId=0 fieldName=null extras=null ], x=48.0, y=191.0, text=, hint=Enter your note here., input-type=131073, ime-target=false, has-links=false} &#10; |&#10; +-----------&gt;AppCompatImageView{id=2131558537, res-name=add_note_image_thumbnail, visibility=INVISIBLE, width=192, height=192, has-focus=false, has-focusable=false, has-window-focus=true, is-clickable=false, is-enabled=true, is-focused=false, is-focusable=false, is-layout-requested=false, is-selected=false, root-is-layout-requested=false, has-input-connection=false, x=48.0, y=1241.0} &#10; |&#10; +--------&gt;FloatingActionButton{id=2131558519, res-name=fab_add_notes, visibility=VISIBLE, width=168, height=168, has-focus=false, has-focusable=true, has-window-focus=true, is-clickable=true, is-enabled=true, is-focused=false, is-focusable=true, is-layout-requested=false, is-selected=false, root-is-layout-requested=false, has-input-connection=false, x=864.0, y=1317.0} &#10; |&#10; +-&gt;View{id=16908336, res-name=navigationBarBackground, visibility=VISIBLE, width=1080, height=144, has-focus=false, has-focusable=false, has-window-focus=true, is-clickable=false, is-enabled=true, is-focused=false, is-focusable=false, is-layout-requested=false, is-selected=false, root-is-layout-requested=false, has-input-connection=false, x=0.0, y=1776.0} &#10; |&#10; +-&gt;View{id=16908335, res-name=statusBarBackground, visibility=VISIBLE, width=1080, height=75, has-focus=false, has-focusable=false, has-window-focus=true, is-clickable=false, is-enabled=true, is-focused=false, is-focusable=false, is-layout-requested=false, is-selected=false, root-is-layout-requested=false, has-input-connection=false, x=0.0, y=0.0} &#10; |&#10; at dalvik.system.VMStack.getThreadStackTrace(Native Method)&#10; at java.lang.Thread.getStackTrace(Thread.java:580)&#10; at android.support.test.espresso.base.DefaultFailureHandler.getUserFriendlyError(DefaultFailureHandler.java:92)&#10; at android.support.test.espresso.base.DefaultFailureHandler.handle(DefaultFailureHandler.java:56)&#10; at android.support.test.espresso.ViewInteraction.runSynchronouslyOnUiThread(ViewInteraction.java:184)&#10; at android.support.test.espresso.ViewInteraction.doPerform(ViewInteraction.java:115)&#10; at android.support.test.espresso.ViewInteraction.perform(ViewInteraction.java:87)&#10; at com.example.android.testing.notes.addnote.AddNoteScreenTest.selectTakeImageFromMenu(AddNoteScreenTest.java:137)&#10; at com.example.android.testing.notes.addnote.AddNoteScreenTest.addImageToNote_ShowsThumbnailInUi(AddNoteScreenTest.java:95)&#10; at java.lang.reflect.Method.invoke(Native Method)&#10; at org.junit.runners.model.FrameworkMethod$1.runReflectiveCall(FrameworkMethod.java:50)&#10; at org.junit.internal.runners.model.ReflectiveCallable.run(ReflectiveCallable.java:12)&#10; at org.junit.runners.model.FrameworkMethod.invokeExplosively(FrameworkMethod.java:47)&#10; at org.junit.internal.runners.statements.InvokeMethod.evaluate(InvokeMethod.java:17)&#10; at org.junit.internal.runners.statements.RunBefores.evaluate(RunBefores.java:26)&#10; at org.junit.internal.runners.statements.RunAfters.evaluate(RunAfters.java:27)&#10; at android.support.test.internal.statement.UiThreadStatement.evaluate(UiThreadStatement.java:55)&#10; at android.support.test.rule.ActivityTestRule$ActivityStatement.evaluate(ActivityTestRule.java:270)&#10; at org.junit.rules.RunRules.evaluate(RunRules.java:20)&#10; at org.junit.runners.ParentRunner.runLeaf(ParentRunner.java:325)&#10; at org.junit.runners.BlockJUnit4ClassRunner.runChild(BlockJUnit4ClassRunner.java:78)&#10; at org.junit.runners.BlockJUnit4ClassRunner.runChild(BlockJUnit4ClassRunner.java:57)&#10; at org.junit.runners.ParentRunner$3.run(ParentRunner.java:290)&#10; at org.junit.runners.ParentRunner$1.schedule(ParentRunner.java:71)&#10; at org.junit.runners.ParentRunner.runChildren(ParentRunner.java:288)&#10; at org.junit.runners.ParentRunner.access$000(ParentRunner.java:58)&#10; at org.junit.runners.ParentRunner$2.evaluate(ParentRunner.java:268)&#10; at org.junit.runners.ParentRunner.run(ParentRunner.java:363)&#10; at org.junit.runners.Suite.runChild(Suite.java:128)&#10; at org.junit.runners.Suite.runChild(Suite.java:27)&#10; at org.junit.runners.ParentRunner$3.run(ParentRunner.java:290)&#10; at org.junit.runners.ParentRunner$1.schedule(ParentRunner.java:71)&#10; at org.junit.runners.ParentRunner.runChildren(ParentRunner.java:288)&#10; at org.junit.runners.ParentRunner.access$000(ParentRunner.java:58)&#10; at org.junit.runners.ParentRunner$2.evaluate(ParentRunner.java:268)&#10; at org.junit.runners.ParentRunner.run(ParentRunner.java:363)&#10; at org.junit.runner.JUnitCore.run(JUnitCore.java:137)&#10; at org.junit.runner.JUnitCore.run(JUnitCore.java:115)&#10; at android.support.test.internal.runner.TestExecutor.execute(TestExecutor.java:59)&#10; at android.support.test.runner.AndroidJUnitRunner.onStart(AndroidJUnitRunner.java:262)&#10; at android.app.Instrumentation$InstrumentationThread.run(Instrumentation.java:1996)&#10; &#10;" /></testcase><testcase classname="com.example.android.testing.notes.notes.NotesScreenTest" model_name="F1f" name="addNoteToNotesList" serial_number="49b8f2da" time="6.584" /><testcase classname="com.example.android.testing.notes.notes.NotesScreenTest" model_name="F1f" name="clickAddNoteButton_opensAddNoteUi" serial_number="49b8f2da" time="0.994" /><testcase classname="com.example.android.testing.notes.addnote.AddNoteScreenTest" model_name="HTC_M8x" name="errorShownOnEmptyMessage" serial_number="FA46AWM00962" time="7.821" /><testcase classname="com.example.android.testing.notes.notes.AppNavigationTest" model_name="F1f" name="clickOnAndroidHomeIcon_OpensNavigation" serial_number="49b8f2da" time="1.124" /><testcase classname="com.example.android.testing.notes.notes.AppNavigationTest" model_name="F1f" name="clickOnStatisticsNavigationItem_ShowsStatisticsScreen" serial_number="49b8f2da" time="1.034" /></testsuite>