<?xml version="1.0" encoding="utf-8"?>
<testsuite errors="0" failures="0" hostname="localhost" name="com.example.android.testing.notes.mock.test" skipped="0" tests="7" time="26.775" timestamp="2017-12-04-05-22-28">
	<testcase classname="com.example.android.testing.notes.notedetail.NoteDetailScreenTest" model_name="Android SDK built for x86" name="noteDetails_DisplayedInUi" serial_number="emulator-5554" time="1.333"/>
	<testcase classname="com.example.android.testing.notes.notes.AppNavigationTest" model_name="F1f" name="clickOnAndroidHomeIcon_OpensNavigation" serial_number="49b8f2da" time="1.184"/>
	<testcase classname="com.example.android.testing.notes.addnote.AddNoteScreenTest" model_name="Android SDK built for x86" name="addImageToNote_ShowsThumbnailInUi" serial_number="emulator-5556" time="3.129"/>
	<testcase classname="com.example.android.testing.notes.notes.AppNavigationTest" model_name="F1f" name="clickOnStatisticsNavigationItem_ShowsStatisticsScreen" serial_number="49b8f2da" time="1.027"/>
	<testcase classname="com.example.android.testing.notes.notes.NotesScreenTest" model_name="Android SDK built for x86" name="addNoteToNotesList" serial_number="emulator-5554" time="9.247"/>
	<testcase classname="com.example.android.testing.notes.addnote.AddNoteScreenTest" model_name="Android SDK built for x86" name="errorShownOnEmptyMessage" serial_number="emulator-5556" time="8.994"/>
	<testcase classname="com.example.android.testing.notes.notes.NotesScreenTest" model_name="Android SDK built for x86" name="clickAddNoteButton_opensAddNoteUi" serial_number="emulator-5554" time="1.861"/>
</testsuite>
